<?xml version="1.0" encoding="UTF-8"?>
<testsuite xmlns:xsi="http://www.w3.org/2001/XMLSchema-instance" xsi:noNamespaceSchemaLocation="https://maven.apache.org/surefire/maven-surefire-plugin/xsd/surefire-test-report.xsd" version="3.0.2" name="com.example.notification.NotificationPriorityApplicationTests" time="3.476" tests="1" errors="0" skipped="0" failures="0">
  <properties>
[...]
</properties>
  <testcase name="contextLoads" classname="com.example.notification.NotificationPriorityApplicationTests" time="0.291">
    <system-out><![CDATA[20:12:03.911 [main] INFO org.springframework.test.context.support.AnnotationConfigContextLoaderUtils -- Could not detect default configuration classes for test class [com.example.notification.NotificationPriorityApplicationTests]: NotificationPriorityApplicationTests does not declare any static, non-private, non-final, nested classes annotated with @Configuration.
20:12:03.998 [main] INFO org.springframework.boot.test.context.SpringBootTestContextBootstrapper -- Found @SpringBootConfiguration com.example.notification.NotificationPriorityApplication for test class com.example.notification.NotificationPriorityApplicationTests

  .   ____          _            __ _ _
 /\\ / ___'_ __ _ _(_)_ __  __ _ \ \ \ \
( ( )\___ | '_ | '_| | '_ \/ _` | \ \ \ \
 \\/  ___)| |_)| | | | | || (_| |  ) ) ) )
  '  |____| .__|_| |_|_| |_\__, | / / / /
 =========|_|==============|___/=/_/_/_/

 :: Spring Boot ::                (v3.5.3)

2025-07-22T20:12:04.255+05:30  INFO 7148 --- [           main] e.n.NotificationPriorityApplicationTests : Starting NotificationPriorityApplicationTests using Java 21.0.5 with PID 7148 (started by ankit in /Users/ankit/Developer/NotificationPriority)
2025-07-22T20:12:04.256+05:30  INFO 7148 --- [           main] e.n.NotificationPriorityApplicationTests : No active profile set, falling back to 1 default profile: "default"
2025-07-22T20:12:04.669+05:30  INFO 7148 --- [           main] .s.d.r.c.RepositoryConfigurationDelegate : Multiple Spring Data modules found, entering strict repository configuration mode
2025-07-22T20:12:04.670+05:30  INFO 7148 --- [           main] .s.d.r.c.RepositoryConfigurationDelegate : Bootstrapping Spring Data JPA repositories in DEFAULT mode.
2025-07-22T20:12:04.746+05:30  INFO 7148 --- [           main] .s.d.r.c.RepositoryConfigurationDelegate : Finished Spring Data repository scanning in 71 ms. Found 3 JPA repository interfaces.
2025-07-22T20:12:04.756+05:30  INFO 7148 --- [           main] .s.d.r.c.RepositoryConfigurationDelegate : Multiple Spring Data modules found, entering strict repository configuration mode
2025-07-22T20:12:04.756+05:30  INFO 7148 --- [           main] .s.d.r.c.RepositoryConfigurationDelegate : Bootstrapping Spring Data Redis repositories in DEFAULT mode.
2025-07-22T20:12:04.765+05:30  INFO 7148 --- [           main] .RepositoryConfigurationExtensionSupport : Spring Data Redis - Could not safely identify store assignment for repository candidate interface com.example.notification.repository.NotificationAuditRepository; If you want this repository to be a Redis repository, consider annotating your entities with one of these annotations: org.springframework.data.redis.core.RedisHash (preferred), or consider extending one of the following types with your repository: org.springframework.data.keyvalue.repository.KeyValueRepository
2025-07-22T20:12:04.765+05:30  INFO 7148 --- [           main] .RepositoryConfigurationExtensionSupport : Spring Data Redis - Could not safely identify store assignment for repository candidate interface com.example.notification.repository.NotificationRepository; If you want this repository to be a Redis repository, consider annotating your entities with one of these annotations: org.springframework.data.redis.core.RedisHash (preferred), or consider extending one of the following types with your repository: org.springframework.data.keyvalue.repository.KeyValueRepository
2025-07-22T20:12:04.765+05:30  INFO 7148 --- [           main] .RepositoryConfigurationExtensionSupport : Spring Data Redis - Could not safely identify store assignment for repository candidate interface com.example.notification.repository.UserRepository; If you want this repository to be a Redis repository, consider annotating your entities with one of these annotations: org.springframework.data.redis.core.RedisHash (preferred), or consider extending one of the following types with your repository: org.springframework.data.keyvalue.repository.KeyValueRepository
2025-07-22T20:12:04.765+05:30  INFO 7148 --- [           main] .s.d.r.c.RepositoryConfigurationDelegate : Finished Spring Data repository scanning in 3 ms. Found 0 Redis repository interfaces.
2025-07-22T20:12:05.028+05:30  INFO 7148 --- [           main] o.hibernate.jpa.internal.util.LogHelper  : HHH000204: Processing PersistenceUnitInfo [name: default]
2025-07-22T20:12:05.053+05:30  INFO 7148 --- [           main] org.hibernate.Version                    : HHH000412: Hibernate ORM core version 6.6.18.Final
2025-07-22T20:12:05.069+05:30  INFO 7148 --- [           main] o.h.c.internal.RegionFactoryInitiator    : HHH000026: Second-level cache disabled
2025-07-22T20:12:05.207+05:30  INFO 7148 --- [           main] o.s.o.j.p.SpringPersistenceUnitInfo      : No LoadTimeWeaver setup: ignoring JPA class transformer
2025-07-22T20:12:05.220+05:30  INFO 7148 --- [           main] com.zaxxer.hikari.HikariDataSource       : HikariPool-1 - Starting...
2025-07-22T20:12:05.303+05:30  INFO 7148 --- [           main] com.zaxxer.hikari.pool.HikariPool        : HikariPool-1 - Added connection conn0: url=jdbc:h2:mem:testdb user=SA
2025-07-22T20:12:05.304+05:30  INFO 7148 --- [           main] com.zaxxer.hikari.HikariDataSource       : HikariPool-1 - Start completed.
2025-07-22T20:12:05.320+05:30  WARN 7148 --- [           main] org.hibernate.orm.deprecation            : HHH90000025: H2Dialect does not need to be specified explicitly using 'hibernate.dialect' (remove the property setting and it will be selected by default)
2025-07-22T20:12:05.330+05:30  INFO 7148 --- [           main] org.hibernate.orm.connections.pooling    : HHH10001005: Database info:
	Database JDBC URL [Connecting through datasource 'HikariDataSource (HikariPool-1)']
	Database driver: undefined/unknown
	Database version: 2.3.232
	Autocommit mode: undefined/unknown
	Isolation level: undefined/unknown
	Minimum pool size: undefined/unknown
	Maximum pool size: undefined/unknown
2025-07-22T20:12:05.819+05:30  INFO 7148 --- [           main] o.h.e.t.j.p.i.JtaPlatformInitiator       : HHH000489: No JTA platform available (set 'hibernate.transaction.jta.platform' to enable JTA platform integration)
Hibernate: create table notification_audit (id bigint generated by default as identity, details varchar(255), new_status tinyint check (new_status between 0 and 4), notification_id bigint, previous_status tinyint check (previous_status between 0 and 4), timestamp timestamp(6), user_id varchar(255), primary key (id))
Hibernate: create table notification_metadata (notification_id bigint not null, metadata varchar(255), metadata_key varchar(255) not null, primary key (notification_id, metadata_key))
Hibernate: create table notifications (id bigint generated by default as identity, channel enum ('EMAIL','IN_APP','PUSH','SMS','WEBSOCKET'), created_at timestamp(6), error_message varchar(255), message TEXT, priority enum ('CRITICAL','HIGH','LOW','MEDIUM'), retry_count integer not null, scheduled_at timestamp(6), sent_at timestamp(6), status enum ('FAILED','PENDING','PROCESSING','RETRYING','SENT'), title varchar(255) not null, user_id varchar(255) not null, primary key (id))
Hibernate: create table user_preferences (user_user_id varchar(255) not null, channel_preferences boolean, channel_preferences_key tinyint not null check (channel_preferences_key between 0 and 4), primary key (user_user_id, channel_preferences_key))
Hibernate: create table users (user_id varchar(255) not null, email varchar(255) not null, fcm_token varchar(255), phone_number varchar(255), user_type enum ('ADMIN','REGULAR','VIP'), primary key (user_id))
Hibernate: alter table if exists notification_metadata add constraint FK375ja66l26pvxrai1u8ondks2 foreign key (notification_id) references notifications
Hibernate: alter table if exists user_preferences add constraint FKfkxn9g9ky3c9w8m1w258n2ldf foreign key (user_user_id) references users
2025-07-22T20:12:05.854+05:30  INFO 7148 --- [           main] j.LocalContainerEntityManagerFactoryBean : Initialized JPA EntityManagerFactory for persistence unit 'default'
2025-07-22T20:12:05.998+05:30  INFO 7148 --- [           main] o.s.d.j.r.query.QueryEnhancerFactory     : Hibernate is in classpath; If applicable, HQL parser will be used.
2025-07-22T20:12:06.717+05:30  WARN 7148 --- [           main] JpaBaseConfiguration$JpaWebConfiguration : spring.jpa.open-in-view is enabled by default. Therefore, database queries may be performed during view rendering. Explicitly configure spring.jpa.open-in-view to disable this warning
2025-07-22T20:12:06.884+05:30  INFO 7148 --- [           main] o.s.b.a.h2.H2ConsoleAutoConfiguration    : H2 console available at '/h2-console'. Database available at 'jdbc:h2:mem:testdb'
2025-07-22T20:12:06.929+05:30 DEBUG 7148 --- [           main] .a.r.l.a.MessagingMessageListenerAdapter : Inferred argument type for public void com.example.notification.listener.NotificationQueueListener.handleCriticalNotification(com.example.notification.entity.Notification) is class com.example.notification.entity.Notification
2025-07-22T20:12:06.933+05:30 DEBUG 7148 --- [           main] o.s.a.r.l.SimpleMessageListenerContainer : Changing consumers from 1 to 3
2025-07-22T20:12:06.934+05:30 DEBUG 7148 --- [           main] o.s.a.r.l.SimpleMessageListenerContainer : No global properties bean
2025-07-22T20:12:06.934+05:30 DEBUG 7148 --- [           main] o.s.a.r.l.SimpleMessageListenerContainer : No global properties bean
2025-07-22T20:12:06.934+05:30 DEBUG 7148 --- [           main] .a.r.l.a.MessagingMessageListenerAdapter : Inferred argument type for public void com.example.notification.listener.NotificationQueueListener.handleMediumNotification(com.example.notification.entity.Notification) is class com.example.notification.entity.Notification
2025-07-22T20:12:06.934+05:30 DEBUG 7148 --- [           main] o.s.a.r.l.SimpleMessageListenerContainer : Changing consumers from 1 to 3
2025-07-22T20:12:06.934+05:30 DEBUG 7148 --- [           main] o.s.a.r.l.SimpleMessageListenerContainer : No global properties bean
2025-07-22T20:12:06.934+05:30 DEBUG 7148 --- [           main] o.s.a.r.l.SimpleMessageListenerContainer : No global properties bean
2025-07-22T20:12:06.934+05:30 DEBUG 7148 --- [           main] .a.r.l.a.MessagingMessageListenerAdapter : Inferred argument type for public void com.example.notification.listener.NotificationQueueListener.handleHighNotification(com.example.notification.entity.Notification) is class com.example.notification.entity.Notification
2025-07-22T20:12:06.934+05:30 DEBUG 7148 --- [           main] o.s.a.r.l.SimpleMessageListenerContainer : Changing consumers from 1 to 3
2025-07-22T20:12:06.935+05:30 DEBUG 7148 --- [           main] o.s.a.r.l.SimpleMessageListenerContainer : No global properties bean
2025-07-22T20:12:06.935+05:30 DEBUG 7148 --- [           main] o.s.a.r.l.SimpleMessageListenerContainer : No global properties bean
2025-07-22T20:12:06.935+05:30 DEBUG 7148 --- [           main] .a.r.l.a.MessagingMessageListenerAdapter : Inferred argument type for public void com.example.notification.listener.NotificationQueueListener.handleLowNotification(com.example.notification.entity.Notification) is class com.example.notification.entity.Notification
2025-07-22T20:12:06.935+05:30 DEBUG 7148 --- [           main] o.s.a.r.l.SimpleMessageListenerContainer : Changing consumers from 1 to 3
2025-07-22T20:12:06.935+05:30 DEBUG 7148 --- [           main] o.s.a.r.l.SimpleMessageListenerContainer : No global properties bean
2025-07-22T20:12:06.935+05:30 DEBUG 7148 --- [           main] o.s.a.r.l.SimpleMessageListenerContainer : No global properties bean
2025-07-22T20:12:06.937+05:30 DEBUG 7148 --- [           main] o.s.a.r.l.SimpleMessageListenerContainer : Starting Rabbit listener container.
2025-07-22T20:12:06.938+05:30  INFO 7148 --- [           main] o.s.a.r.c.CachingConnectionFactory       : Attempting to connect to: [localhost:5672]
2025-07-22T20:12:06.946+05:30  INFO 7148 --- [           main] o.s.a.r.l.SimpleMessageListenerContainer : Broker not available; cannot force queue declarations during start: java.net.ConnectException: Connection refused
2025-07-22T20:12:06.950+05:30  INFO 7148 --- [ntContainer#0-1] o.s.a.r.c.CachingConnectionFactory       : Attempting to connect to: [localhost:5672]
2025-07-22T20:12:06.950+05:30 ERROR 7148 --- [ntContainer#0-1] o.s.a.r.l.SimpleMessageListenerContainer : Failed to check/redeclare auto-delete queue(s).

org.springframework.amqp.AmqpConnectException: java.net.ConnectException: Connection refused
	at org.springframework.amqp.rabbit.support.RabbitExceptionTranslator.convertRabbitAccessException(RabbitExceptionTranslator.java:61) ~[spring-rabbit-3.2.5.jar:3.2.5]
	at org.springframework.amqp.rabbit.connection.AbstractConnectionFactory.createBareConnection(AbstractConnectionFactory.java:632) ~[spring-rabbit-3.2.5.jar:3.2.5]
	at org.springframework.amqp.rabbit.connection.CachingConnectionFactory.createConnection(CachingConnectionFactory.java:726) ~[spring-rabbit-3.2.5.jar:3.2.5]
	at org.springframework.amqp.rabbit.connection.ConnectionFactoryUtils.createConnection(ConnectionFactoryUtils.java:257) ~[spring-rabbit-3.2.5.jar:3.2.5]
	at org.springframework.amqp.rabbit.core.RabbitTemplate.doExecute(RabbitTemplate.java:2262) ~[spring-rabbit-3.2.5.jar:3.2.5]
	at org.springframework.amqp.rabbit.core.RabbitTemplate.execute(RabbitTemplate.java:2235) ~[spring-rabbit-3.2.5.jar:3.2.5]
	at org.springframework.amqp.rabbit.core.RabbitTemplate.execute(RabbitTemplate.java:2215) ~[spring-rabbit-3.2.5.jar:3.2.5]
	at org.springframework.amqp.rabbit.core.RabbitAdmin.getQueueInfo(RabbitAdmin.java:467) ~[spring-rabbit-3.2.5.jar:3.2.5]
	at org.springframework.amqp.rabbit.core.RabbitAdmin.getQueueProperties(RabbitAdmin.java:451) ~[spring-rabbit-3.2.5.jar:3.2.5]
	at org.springframework.amqp.rabbit.listener.AbstractMessageListenerContainer.attemptDeclarations(AbstractMessageListenerContainer.java:1972) ~[spring-rabbit-3.2.5.jar:3.2.5]
	at org.springframework.amqp.rabbit.listener.AbstractMessageListenerContainer.redeclareElementsIfNecessary(AbstractMessageListenerContainer.java:1936) ~[spring-rabbit-3.2.5.jar:3.2.5]
	at org.springframework.amqp.rabbit.listener.SimpleMessageListenerContainer$AsyncMessageProcessingConsumer.initialize(SimpleMessageListenerContainer.java:1481) ~[spring-rabbit-3.2.5.jar:3.2.5]
	at org.springframework.amqp.rabbit.listener.SimpleMessageListenerContainer$AsyncMessageProcessingConsumer.run(SimpleMessageListenerContainer.java:1322) ~[spring-rabbit-3.2.5.jar:3.2.5]
	at java.base/java.lang.Thread.run(Thread.java:1583) ~[na:na]
Caused by: java.net.ConnectException: Connection refused
	at java.base/sun.nio.ch.Net.pollConnect(Native Method) ~[na:na]
	at java.base/sun.nio.ch.Net.pollConnectNow(Net.java:682) ~[na:na]
	at java.base/sun.nio.ch.NioSocketImpl.timedFinishConnect(NioSocketImpl.java:549) ~[na:na]
	at java.base/sun.nio.ch.NioSocketImpl.connect(NioSocketImpl.java:592) ~[na:na]
	at java.base/java.net.SocksSocketImpl.connect(SocksSocketImpl.java:327) ~[na:na]
	at java.base/java.net.Socket.connect(Socket.java:751) ~[na:na]
	at com.rabbitmq.client.impl.SocketFrameHandlerFactory.create(SocketFrameHandlerFactory.java:61) ~[amqp-client-5.25.0.jar:5.25.0]
	at com.rabbitmq.client.ConnectionFactory.newConnection(ConnectionFactory.java:1249) ~[amqp-client-5.25.0.jar:5.25.0]
	at com.rabbitmq.client.ConnectionFactory.newConnection(ConnectionFactory.java:1198) ~[amqp-client-5.25.0.jar:5.25.0]
	at org.springframework.amqp.rabbit.connection.AbstractConnectionFactory.connectAddresses(AbstractConnectionFactory.java:678) ~[spring-rabbit-3.2.5.jar:3.2.5]
	at org.springframework.amqp.rabbit.connection.AbstractConnectionFactory.connect(AbstractConnectionFactory.java:647) ~[spring-rabbit-3.2.5.jar:3.2.5]
	at org.springframework.amqp.rabbit.connection.AbstractConnectionFactory.createBareConnection(AbstractConnectionFactory.java:593) ~[spring-rabbit-3.2.5.jar:3.2.5]
	... 12 common frames omitted

2025-07-22T20:12:06.952+05:30  INFO 7148 --- [ntContainer#0-2] o.s.a.r.c.CachingConnectionFactory       : Attempting to connect to: [localhost:5672]
2025-07-22T20:12:06.953+05:30 ERROR 7148 --- [ntContainer#0-2] o.s.a.r.l.SimpleMessageListenerContainer : Failed to check/redeclare auto-delete queue(s).
2025-07-22T20:12:06.953+05:30  INFO 7148 --- [ntContainer#0-3] o.s.a.r.c.CachingConnectionFactory       : Attempting to connect to: [localhost:5672]
2025-07-22T20:12:06.953+05:30 DEBUG 7148 --- [ntContainer#0-2] o.s.a.r.listener.BlockingQueueConsumer   : Starting consumer Consumer@18a8a42b: tags=[[]], channel=null, acknowledgeMode=AUTO local queue size=0
2025-07-22T20:12:06.953+05:30 DEBUG 7148 --- [ntContainer#0-1] o.s.a.r.listener.BlockingQueueConsumer   : Starting consumer Consumer@4d5dc037: tags=[[]], channel=null, acknowledgeMode=AUTO local queue size=0
2025-07-22T20:12:06.954+05:30 ERROR 7148 --- [ntContainer#0-3] o.s.a.r.l.SimpleMessageListenerContainer : Failed to check/redeclare auto-delete queue(s).
2025-07-22T20:12:06.954+05:30 DEBUG 7148 --- [ntContainer#0-3] o.s.a.r.listener.BlockingQueueConsumer   : Starting consumer Consumer@500497e3: tags=[[]], channel=null, acknowledgeMode=AUTO local queue size=0
2025-07-22T20:12:06.954+05:30  INFO 7148 --- [ntContainer#0-2] o.s.a.r.c.CachingConnectionFactory       : Attempting to connect to: [localhost:5672]
2025-07-22T20:12:06.954+05:30  INFO 7148 --- [ntContainer#0-1] o.s.a.r.c.CachingConnectionFactory       : Attempting to connect to: [localhost:5672]
2025-07-22T20:12:06.954+05:30  INFO 7148 --- [ntContainer#0-3] o.s.a.r.c.CachingConnectionFactory       : Attempting to connect to: [localhost:5672]
2025-07-22T20:12:06.954+05:30 DEBUG 7148 --- [ntContainer#0-2] o.s.a.r.l.SimpleMessageListenerContainer : Recovering consumer in 5000 ms.
2025-07-22T20:12:06.954+05:30 DEBUG 7148 --- [ntContainer#0-1] o.s.a.r.l.SimpleMessageListenerContainer : Recovering consumer in 5000 ms.
2025-07-22T20:12:06.955+05:30 DEBUG 7148 --- [ntContainer#0-3] o.s.a.r.l.SimpleMessageListenerContainer : Recovering consumer in 5000 ms.
2025-07-22T20:12:06.955+05:30 DEBUG 7148 --- [           main] o.s.a.r.l.SimpleMessageListenerContainer : Starting Rabbit listener container.
2025-07-22T20:12:06.955+05:30  INFO 7148 --- [           main] o.s.a.r.c.CachingConnectionFactory       : Attempting to connect to: [localhost:5672]
2025-07-22T20:12:06.955+05:30  INFO 7148 --- [           main] o.s.a.r.l.SimpleMessageListenerContainer : Broker not available; cannot force queue declarations during start: java.net.ConnectException: Connection refused
2025-07-22T20:12:06.955+05:30  INFO 7148 --- [ntContainer#1-1] o.s.a.r.c.CachingConnectionFactory       : Attempting to connect to: [localhost:5672]
2025-07-22T20:12:06.956+05:30 ERROR 7148 --- [ntContainer#1-1] o.s.a.r.l.SimpleMessageListenerContainer : Failed to check/redeclare auto-delete queue(s).

org.springframework.amqp.AmqpConnectException: java.net.ConnectException: Connection refused
	at org.springframework.amqp.rabbit.support.RabbitExceptionTranslator.convertRabbitAccessException(RabbitExceptionTranslator.java:61) ~[spring-rabbit-3.2.5.jar:3.2.5]
	at org.springframework.amqp.rabbit.connection.AbstractConnectionFactory.createBareConnection(AbstractConnectionFactory.java:632) ~[spring-rabbit-3.2.5.jar:3.2.5]
	at org.springframework.amqp.rabbit.connection.CachingConnectionFactory.createConnection(CachingConnectionFactory.java:726) ~[spring-rabbit-3.2.5.jar:3.2.5]
	at org.springframework.amqp.rabbit.connection.ConnectionFactoryUtils.createConnection(ConnectionFactoryUtils.java:257) ~[spring-rabbit-3.2.5.jar:3.2.5]
	at org.springframework.amqp.rabbit.core.RabbitTemplate.doExecute(RabbitTemplate.java:2262) ~[spring-rabbit-3.2.5.jar:3.2.5]
	at org.springframework.amqp.rabbit.core.RabbitTemplate.execute(RabbitTemplate.java:2235) ~[spring-rabbit-3.2.5.jar:3.2.5]
	at org.springframework.amqp.rabbit.core.RabbitTemplate.execute(RabbitTemplate.java:2215) ~[spring-rabbit-3.2.5.jar:3.2.5]
	at org.springframework.amqp.rabbit.core.RabbitAdmin.getQueueInfo(RabbitAdmin.java:467) ~[spring-rabbit-3.2.5.jar:3.2.5]
	at org.springframework.amqp.rabbit.core.RabbitAdmin.getQueueProperties(RabbitAdmin.java:451) ~[spring-rabbit-3.2.5.jar:3.2.5]
	at org.springframework.amqp.rabbit.listener.AbstractMessageListenerContainer.attemptDeclarations(AbstractMessageListenerContainer.java:1972) ~[spring-rabbit-3.2.5.jar:3.2.5]
	at org.springframework.amqp.rabbit.listener.AbstractMessageListenerContainer.redeclareElementsIfNecessary(AbstractMessageListenerContainer.java:1936) ~[spring-rabbit-3.2.5.jar:3.2.5]
	at org.springframework.amqp.rabbit.listener.SimpleMessageListenerContainer$AsyncMessageProcessingConsumer.initialize(SimpleMessageListenerContainer.java:1481) ~[spring-rabbit-3.2.5.jar:3.2.5]
	at org.springframework.amqp.rabbit.listener.SimpleMessageListenerContainer$AsyncMessageProcessingConsumer.run(SimpleMessageListenerContainer.java:1322) ~[spring-rabbit-3.2.5.jar:3.2.5]
	at java.base/java.lang.Thread.run(Thread.java:1583) ~[na:na]
Caused by: java.net.ConnectException: Connection refused
	at java.base/sun.nio.ch.Net.pollConnect(Native Method) ~[na:na]
	at java.base/sun.nio.ch.Net.pollConnectNow(Net.java:682) ~[na:na]
	at java.base/sun.nio.ch.NioSocketImpl.timedFinishConnect(NioSocketImpl.java:549) ~[na:na]
	at java.base/sun.nio.ch.NioSocketImpl.connect(NioSocketImpl.java:592) ~[na:na]
	at java.base/java.net.SocksSocketImpl.connect(SocksSocketImpl.java:327) ~[na:na]
	at java.base/java.net.Socket.connect(Socket.java:751) ~[na:na]
	at com.rabbitmq.client.impl.SocketFrameHandlerFactory.create(SocketFrameHandlerFactory.java:61) ~[amqp-client-5.25.0.jar:5.25.0]
	at com.rabbitmq.client.ConnectionFactory.newConnection(ConnectionFactory.java:1249) ~[amqp-client-5.25.0.jar:5.25.0]
	at com.rabbitmq.client.ConnectionFactory.newConnection(ConnectionFactory.java:1198) ~[amqp-client-5.25.0.jar:5.25.0]
	at org.springframework.amqp.rabbit.connection.AbstractConnectionFactory.connectAddresses(AbstractConnectionFactory.java:678) ~[spring-rabbit-3.2.5.jar:3.2.5]
	at org.springframework.amqp.rabbit.connection.AbstractConnectionFactory.connect(AbstractConnectionFactory.java:647) ~[spring-rabbit-3.2.5.jar:3.2.5]
	at org.springframework.amqp.rabbit.connection.AbstractConnectionFactory.createBareConnection(AbstractConnectionFactory.java:593) ~[spring-rabbit-3.2.5.jar:3.2.5]
	... 12 common frames omitted

2025-07-22T20:12:06.956+05:30 DEBUG 7148 --- [ntContainer#1-1] o.s.a.r.listener.BlockingQueueConsumer   : Starting consumer Consumer@29fe45a3: tags=[[]], channel=null, acknowledgeMode=AUTO local queue size=0
2025-07-22T20:12:06.956+05:30  INFO 7148 --- [ntContainer#1-1] o.s.a.r.c.CachingConnectionFactory       : Attempting to connect to: [localhost:5672]
2025-07-22T20:12:06.957+05:30  INFO 7148 --- [ntContainer#1-2] o.s.a.r.c.CachingConnectionFactory       : Attempting to connect to: [localhost:5672]
2025-07-22T20:12:06.957+05:30 DEBUG 7148 --- [ntContainer#1-1] o.s.a.r.l.SimpleMessageListenerContainer : Recovering consumer in 5000 ms.
2025-07-22T20:12:06.957+05:30 ERROR 7148 --- [ntContainer#1-2] o.s.a.r.l.SimpleMessageListenerContainer : Failed to check/redeclare auto-delete queue(s).
2025-07-22T20:12:06.957+05:30 DEBUG 7148 --- [ntContainer#1-2] o.s.a.r.listener.BlockingQueueConsumer   : Starting consumer Consumer@516dd567: tags=[[]], channel=null, acknowledgeMode=AUTO local queue size=0
2025-07-22T20:12:06.957+05:30  INFO 7148 --- [ntContainer#1-2] o.s.a.r.c.CachingConnectionFactory       : Attempting to connect to: [localhost:5672]
2025-07-22T20:12:06.957+05:30 DEBUG 7148 --- [ntContainer#1-2] o.s.a.r.l.SimpleMessageListenerContainer : Recovering consumer in 5000 ms.
2025-07-22T20:12:06.957+05:30  INFO 7148 --- [ntContainer#1-3] o.s.a.r.c.CachingConnectionFactory       : Attempting to connect to: [localhost:5672]
2025-07-22T20:12:06.958+05:30 ERROR 7148 --- [ntContainer#1-3] o.s.a.r.l.SimpleMessageListenerContainer : Failed to check/redeclare auto-delete queue(s).
2025-07-22T20:12:06.958+05:30 DEBUG 7148 --- [ntContainer#1-3] o.s.a.r.listener.BlockingQueueConsumer   : Starting consumer Consumer@1cdb3ccd: tags=[[]], channel=null, acknowledgeMode=AUTO local queue size=0
2025-07-22T20:12:06.958+05:30  INFO 7148 --- [ntContainer#1-3] o.s.a.r.c.CachingConnectionFactory       : Attempting to connect to: [localhost:5672]
2025-07-22T20:12:06.958+05:30 DEBUG 7148 --- [ntContainer#1-3] o.s.a.r.l.SimpleMessageListenerContainer : Recovering consumer in 5000 ms.
2025-07-22T20:12:06.958+05:30 DEBUG 7148 --- [           main] o.s.a.r.l.SimpleMessageListenerContainer : Starting Rabbit listener container.
2025-07-22T20:12:06.958+05:30  INFO 7148 --- [           main] o.s.a.r.c.CachingConnectionFactory       : Attempting to connect to: [localhost:5672]
2025-07-22T20:12:06.959+05:30  INFO 7148 --- [           main] o.s.a.r.l.SimpleMessageListenerContainer : Broker not available; cannot force queue declarations during start: java.net.ConnectException: Connection refused
2025-07-22T20:12:06.960+05:30  INFO 7148 --- [ntContainer#2-1] o.s.a.r.c.CachingConnectionFactory       : Attempting to connect to: [localhost:5672]
2025-07-22T20:12:06.960+05:30 ERROR 7148 --- [ntContainer#2-1] o.s.a.r.l.SimpleMessageListenerContainer : Failed to check/redeclare auto-delete queue(s).

org.springframework.amqp.AmqpConnectException: java.net.ConnectException: Connection refused
	at org.springframework.amqp.rabbit.support.RabbitExceptionTranslator.convertRabbitAccessException(RabbitExceptionTranslator.java:61) ~[spring-rabbit-3.2.5.jar:3.2.5]
	at org.springframework.amqp.rabbit.connection.AbstractConnectionFactory.createBareConnection(AbstractConnectionFactory.java:632) ~[spring-rabbit-3.2.5.jar:3.2.5]
	at org.springframework.amqp.rabbit.connection.CachingConnectionFactory.createConnection(CachingConnectionFactory.java:726) ~[spring-rabbit-3.2.5.jar:3.2.5]
	at org.springframework.amqp.rabbit.connection.ConnectionFactoryUtils.createConnection(ConnectionFactoryUtils.java:257) ~[spring-rabbit-3.2.5.jar:3.2.5]
	at org.springframework.amqp.rabbit.core.RabbitTemplate.doExecute(RabbitTemplate.java:2262) ~[spring-rabbit-3.2.5.jar:3.2.5]
	at org.springframework.amqp.rabbit.core.RabbitTemplate.execute(RabbitTemplate.java:2235) ~[spring-rabbit-3.2.5.jar:3.2.5]
	at org.springframework.amqp.rabbit.core.RabbitTemplate.execute(RabbitTemplate.java:2215) ~[spring-rabbit-3.2.5.jar:3.2.5]
	at org.springframework.amqp.rabbit.core.RabbitAdmin.getQueueInfo(RabbitAdmin.java:467) ~[spring-rabbit-3.2.5.jar:3.2.5]
	at org.springframework.amqp.rabbit.core.RabbitAdmin.getQueueProperties(RabbitAdmin.java:451) ~[spring-rabbit-3.2.5.jar:3.2.5]
	at org.springframework.amqp.rabbit.listener.AbstractMessageListenerContainer.attemptDeclarations(AbstractMessageListenerContainer.java:1972) ~[spring-rabbit-3.2.5.jar:3.2.5]
	at org.springframework.amqp.rabbit.listener.AbstractMessageListenerContainer.redeclareElementsIfNecessary(AbstractMessageListenerContainer.java:1936) ~[spring-rabbit-3.2.5.jar:3.2.5]
	at org.springframework.amqp.rabbit.listener.SimpleMessageListenerContainer$AsyncMessageProcessingConsumer.initialize(SimpleMessageListenerContainer.java:1481) ~[spring-rabbit-3.2.5.jar:3.2.5]
	at org.springframework.amqp.rabbit.listener.SimpleMessageListenerContainer$AsyncMessageProcessingConsumer.run(SimpleMessageListenerContainer.java:1322) ~[spring-rabbit-3.2.5.jar:3.2.5]
	at java.base/java.lang.Thread.run(Thread.java:1583) ~[na:na]
Caused by: java.net.ConnectException: Connection refused
	at java.base/sun.nio.ch.Net.pollConnect(Native Method) ~[na:na]
	at java.base/sun.nio.ch.Net.pollConnectNow(Net.java:682) ~[na:na]
	at java.base/sun.nio.ch.NioSocketImpl.timedFinishConnect(NioSocketImpl.java:549) ~[na:na]
	at java.base/sun.nio.ch.NioSocketImpl.connect(NioSocketImpl.java:592) ~[na:na]
	at java.base/java.net.SocksSocketImpl.connect(SocksSocketImpl.java:327) ~[na:na]
	at java.base/java.net.Socket.connect(Socket.java:751) ~[na:na]
	at com.rabbitmq.client.impl.SocketFrameHandlerFactory.create(SocketFrameHandlerFactory.java:61) ~[amqp-client-5.25.0.jar:5.25.0]
	at com.rabbitmq.client.ConnectionFactory.newConnection(ConnectionFactory.java:1249) ~[amqp-client-5.25.0.jar:5.25.0]
	at com.rabbitmq.client.ConnectionFactory.newConnection(ConnectionFactory.java:1198) ~[amqp-client-5.25.0.jar:5.25.0]
	at org.springframework.amqp.rabbit.connection.AbstractConnectionFactory.connectAddresses(AbstractConnectionFactory.java:678) ~[spring-rabbit-3.2.5.jar:3.2.5]
	at org.springframework.amqp.rabbit.connection.AbstractConnectionFactory.connect(AbstractConnectionFactory.java:647) ~[spring-rabbit-3.2.5.jar:3.2.5]
	at org.springframework.amqp.rabbit.connection.AbstractConnectionFactory.createBareConnection(AbstractConnectionFactory.java:593) ~[spring-rabbit-3.2.5.jar:3.2.5]
	... 12 common frames omitted

2025-07-22T20:12:06.960+05:30 DEBUG 7148 --- [ntContainer#2-1] o.s.a.r.listener.BlockingQueueConsumer   : Starting consumer Consumer@7d893815: tags=[[]], channel=null, acknowledgeMode=AUTO local queue size=0
2025-07-22T20:12:06.960+05:30  INFO 7148 --- [ntContainer#2-1] o.s.a.r.c.CachingConnectionFactory       : Attempting to connect to: [localhost:5672]
2025-07-22T20:12:06.960+05:30 DEBUG 7148 --- [ntContainer#2-1] o.s.a.r.l.SimpleMessageListenerContainer : Recovering consumer in 5000 ms.
2025-07-22T20:12:06.960+05:30  INFO 7148 --- [ntContainer#2-2] o.s.a.r.c.CachingConnectionFactory       : Attempting to connect to: [localhost:5672]
2025-07-22T20:12:06.961+05:30 ERROR 7148 --- [ntContainer#2-2] o.s.a.r.l.SimpleMessageListenerContainer : Failed to check/redeclare auto-delete queue(s).
2025-07-22T20:12:06.961+05:30 DEBUG 7148 --- [ntContainer#2-2] o.s.a.r.listener.BlockingQueueConsumer   : Starting consumer Consumer@b70ad7a: tags=[[]], channel=null, acknowledgeMode=AUTO local queue size=0
2025-07-22T20:12:06.961+05:30  INFO 7148 --- [ntContainer#2-2] o.s.a.r.c.CachingConnectionFactory       : Attempting to connect to: [localhost:5672]
2025-07-22T20:12:06.961+05:30 DEBUG 7148 --- [ntContainer#2-2] o.s.a.r.l.SimpleMessageListenerContainer : Recovering consumer in 5000 ms.
2025-07-22T20:12:06.962+05:30  INFO 7148 --- [ntContainer#2-3] o.s.a.r.c.CachingConnectionFactory       : Attempting to connect to: [localhost:5672]
2025-07-22T20:12:06.963+05:30 ERROR 7148 --- [ntContainer#2-3] o.s.a.r.l.SimpleMessageListenerContainer : Failed to check/redeclare auto-delete queue(s).
2025-07-22T20:12:06.963+05:30 DEBUG 7148 --- [ntContainer#2-3] o.s.a.r.listener.BlockingQueueConsumer   : Starting consumer Consumer@6a151f1a: tags=[[]], channel=null, acknowledgeMode=AUTO local queue size=0
2025-07-22T20:12:06.964+05:30  INFO 7148 --- [ntContainer#2-3] o.s.a.r.c.CachingConnectionFactory       : Attempting to connect to: [localhost:5672]
2025-07-22T20:12:06.964+05:30 DEBUG 7148 --- [ntContainer#2-3] o.s.a.r.l.SimpleMessageListenerContainer : Recovering consumer in 5000 ms.
2025-07-22T20:12:06.964+05:30 DEBUG 7148 --- [           main] o.s.a.r.l.SimpleMessageListenerContainer : Starting Rabbit listener container.
2025-07-22T20:12:06.965+05:30  INFO 7148 --- [           main] o.s.a.r.c.CachingConnectionFactory       : Attempting to connect to: [localhost:5672]
2025-07-22T20:12:06.965+05:30  INFO 7148 --- [           main] o.s.a.r.l.SimpleMessageListenerContainer : Broker not available; cannot force queue declarations during start: java.net.ConnectException: Connection refused
2025-07-22T20:12:06.965+05:30  INFO 7148 --- [ntContainer#3-1] o.s.a.r.c.CachingConnectionFactory       : Attempting to connect to: [localhost:5672]
2025-07-22T20:12:06.966+05:30 ERROR 7148 --- [ntContainer#3-1] o.s.a.r.l.SimpleMessageListenerContainer : Failed to check/redeclare auto-delete queue(s).

org.springframework.amqp.AmqpConnectException: java.net.ConnectException: Connection refused
	at org.springframework.amqp.rabbit.support.RabbitExceptionTranslator.convertRabbitAccessException(RabbitExceptionTranslator.java:61) ~[spring-rabbit-3.2.5.jar:3.2.5]
	at org.springframework.amqp.rabbit.connection.AbstractConnectionFactory.createBareConnection(AbstractConnectionFactory.java:632) ~[spring-rabbit-3.2.5.jar:3.2.5]
	at org.springframework.amqp.rabbit.connection.CachingConnectionFactory.createConnection(CachingConnectionFactory.java:726) ~[spring-rabbit-3.2.5.jar:3.2.5]
	at org.springframework.amqp.rabbit.connection.ConnectionFactoryUtils.createConnection(ConnectionFactoryUtils.java:257) ~[spring-rabbit-3.2.5.jar:3.2.5]
	at org.springframework.amqp.rabbit.core.RabbitTemplate.doExecute(RabbitTemplate.java:2262) ~[spring-rabbit-3.2.5.jar:3.2.5]
	at org.springframework.amqp.rabbit.core.RabbitTemplate.execute(RabbitTemplate.java:2235) ~[spring-rabbit-3.2.5.jar:3.2.5]
	at org.springframework.amqp.rabbit.core.RabbitTemplate.execute(RabbitTemplate.java:2215) ~[spring-rabbit-3.2.5.jar:3.2.5]
	at org.springframework.amqp.rabbit.core.RabbitAdmin.getQueueInfo(RabbitAdmin.java:467) ~[spring-rabbit-3.2.5.jar:3.2.5]
	at org.springframework.amqp.rabbit.core.RabbitAdmin.getQueueProperties(RabbitAdmin.java:451) ~[spring-rabbit-3.2.5.jar:3.2.5]
	at org.springframework.amqp.rabbit.listener.AbstractMessageListenerContainer.attemptDeclarations(AbstractMessageListenerContainer.java:1972) ~[spring-rabbit-3.2.5.jar:3.2.5]
	at org.springframework.amqp.rabbit.listener.AbstractMessageListenerContainer.redeclareElementsIfNecessary(AbstractMessageListenerContainer.java:1936) ~[spring-rabbit-3.2.5.jar:3.2.5]
	at org.springframework.amqp.rabbit.listener.SimpleMessageListenerContainer$AsyncMessageProcessingConsumer.initialize(SimpleMessageListenerContainer.java:1481) ~[spring-rabbit-3.2.5.jar:3.2.5]
	at org.springframework.amqp.rabbit.listener.SimpleMessageListenerContainer$AsyncMessageProcessingConsumer.run(SimpleMessageListenerContainer.java:1322) ~[spring-rabbit-3.2.5.jar:3.2.5]
	at java.base/java.lang.Thread.run(Thread.java:1583) ~[na:na]
Caused by: java.net.ConnectException: Connection refused
	at java.base/sun.nio.ch.Net.pollConnect(Native Method) ~[na:na]
	at java.base/sun.nio.ch.Net.pollConnectNow(Net.java:682) ~[na:na]
	at java.base/sun.nio.ch.NioSocketImpl.timedFinishConnect(NioSocketImpl.java:549) ~[na:na]
	at java.base/sun.nio.ch.NioSocketImpl.connect(NioSocketImpl.java:592) ~[na:na]
	at java.base/java.net.SocksSocketImpl.connect(SocksSocketImpl.java:327) ~[na:na]
	at java.base/java.net.Socket.connect(Socket.java:751) ~[na:na]
	at com.rabbitmq.client.impl.SocketFrameHandlerFactory.create(SocketFrameHandlerFactory.java:61) ~[amqp-client-5.25.0.jar:5.25.0]
	at com.rabbitmq.client.ConnectionFactory.newConnection(ConnectionFactory.java:1249) ~[amqp-client-5.25.0.jar:5.25.0]
	at com.rabbitmq.client.ConnectionFactory.newConnection(ConnectionFactory.java:1198) ~[amqp-client-5.25.0.jar:5.25.0]
	at org.springframework.amqp.rabbit.connection.AbstractConnectionFactory.connectAddresses(AbstractConnectionFactory.java:678) ~[spring-rabbit-3.2.5.jar:3.2.5]
	at org.springframework.amqp.rabbit.connection.AbstractConnectionFactory.connect(AbstractConnectionFactory.java:647) ~[spring-rabbit-3.2.5.jar:3.2.5]
	at org.springframework.amqp.rabbit.connection.AbstractConnectionFactory.createBareConnection(AbstractConnectionFactory.java:593) ~[spring-rabbit-3.2.5.jar:3.2.5]
	... 12 common frames omitted

2025-07-22T20:12:06.966+05:30 DEBUG 7148 --- [ntContainer#3-1] o.s.a.r.listener.BlockingQueueConsumer   : Starting consumer Consumer@786c7cc9: tags=[[]], channel=null, acknowledgeMode=AUTO local queue size=0
2025-07-22T20:12:06.966+05:30  INFO 7148 --- [ntContainer#3-1] o.s.a.r.c.CachingConnectionFactory       : Attempting to connect to: [localhost:5672]
2025-07-22T20:12:06.967+05:30 DEBUG 7148 --- [ntContainer#3-1] o.s.a.r.l.SimpleMessageListenerContainer : Recovering consumer in 5000 ms.
2025-07-22T20:12:06.967+05:30  INFO 7148 --- [ntContainer#3-2] o.s.a.r.c.CachingConnectionFactory       : Attempting to connect to: [localhost:5672]
2025-07-22T20:12:06.967+05:30 ERROR 7148 --- [ntContainer#3-2] o.s.a.r.l.SimpleMessageListenerContainer : Failed to check/redeclare auto-delete queue(s).
2025-07-22T20:12:06.967+05:30 DEBUG 7148 --- [ntContainer#3-2] o.s.a.r.listener.BlockingQueueConsumer   : Starting consumer Consumer@28d26e57: tags=[[]], channel=null, acknowledgeMode=AUTO local queue size=0
2025-07-22T20:12:06.967+05:30  INFO 7148 --- [ntContainer#3-2] o.s.a.r.c.CachingConnectionFactory       : Attempting to connect to: [localhost:5672]
2025-07-22T20:12:06.968+05:30 DEBUG 7148 --- [ntContainer#3-2] o.s.a.r.l.SimpleMessageListenerContainer : Recovering consumer in 5000 ms.
2025-07-22T20:12:06.968+05:30  INFO 7148 --- [ntContainer#3-3] o.s.a.r.c.CachingConnectionFactory       : Attempting to connect to: [localhost:5672]
2025-07-22T20:12:06.968+05:30 ERROR 7148 --- [ntContainer#3-3] o.s.a.r.l.SimpleMessageListenerContainer : Failed to check/redeclare auto-delete queue(s).
2025-07-22T20:12:06.968+05:30 DEBUG 7148 --- [ntContainer#3-3] o.s.a.r.listener.BlockingQueueConsumer   : Starting consumer Consumer@d278065: tags=[[]], channel=null, acknowledgeMode=AUTO local queue size=0
2025-07-22T20:12:06.968+05:30  INFO 7148 --- [ntContainer#3-3] o.s.a.r.c.CachingConnectionFactory       : Attempting to connect to: [localhost:5672]
2025-07-22T20:12:06.968+05:30 DEBUG 7148 --- [ntContainer#3-3] o.s.a.r.l.SimpleMessageListenerContainer : Recovering consumer in 5000 ms.
2025-07-22T20:12:06.974+05:30  INFO 7148 --- [           main] e.n.NotificationPriorityApplicationTests : Started NotificationPriorityApplicationTests in 2.891 seconds (process running for 3.433)
]]></system-out>
    <system-err><![CDATA[Mockito is currently self-attaching to enable the inline-mock-maker. This will no longer work in future releases of the JDK. Please add Mockito as an agent to your build as described in Mockito's documentation: https://javadoc.io/doc/org.mockito/mockito-core/latest/org.mockito/org/mockito/Mockito.html#0.3
WARNING: A Java agent has been loaded dynamically (/Users/ankit/.m2/repository/net/bytebuddy/byte-buddy-agent/1.17.6/byte-buddy-agent-1.17.6.jar)
WARNING: If a serviceability tool is in use, please run with -XX:+EnableDynamicAgentLoading to hide this warning
WARNING: If a serviceability tool is not in use, please run with -Djdk.instrument.traceUsage for more information
WARNING: Dynamic loading of agents will be disallowed by default in a future release
]]></system-err>
  </testcase>
</testsuite>